<?xml version="1.0" encoding="UTF-8"?>
<robot generator="Robot 4.0.2 (Python 3.9.5 on win32)" generated="20210606 11:34:06.053" rpa="false" schemaversion="2">
<suite id="s1" name="Datadriven" source="D:\gabriel\QaNinja\Robot_Beginner\web\tests\datadriven.robot">
<test id="s1-t1" name="Test1">
<kw name="Teste datadriven">
<arg>Gabriel</arg>
<kw name="Log To Console" library="BuiltIn">
<arg>Aqui temos uma mensagem: ${message}</arg>
<doc>Logs the given message to the console.</doc>
<status status="PASS" starttime="20210606 11:34:06.069" endtime="20210606 11:34:06.070"/>
</kw>
<status status="PASS" starttime="20210606 11:34:06.069" endtime="20210606 11:34:06.070"/>
</kw>
<status status="PASS" starttime="20210606 11:34:06.068" endtime="20210606 11:34:06.070"/>
</test>
<test id="s1-t2" name="Test2">
<kw name="Teste datadriven">
<arg>Jundurian</arg>
<kw name="Log To Console" library="BuiltIn">
<arg>Aqui temos uma mensagem: ${message}</arg>
<doc>Logs the given message to the console.</doc>
<status status="PASS" starttime="20210606 11:34:06.071" endtime="20210606 11:34:06.072"/>
</kw>
<status status="PASS" starttime="20210606 11:34:06.071" endtime="20210606 11:34:06.072"/>
</kw>
<status status="PASS" starttime="20210606 11:34:06.071" endtime="20210606 11:34:06.072"/>
</test>
<test id="s1-t3" name="Deve imprimir no login">
<kw name="Teste datadriven">
<arg>Log to Console</arg>
<kw name="Log To Console" library="BuiltIn">
<arg>Aqui temos uma mensagem: ${message}</arg>
<doc>Logs the given message to the console.</doc>
<status status="PASS" starttime="20210606 11:34:06.073" endtime="20210606 11:34:06.073"/>
</kw>
<status status="PASS" starttime="20210606 11:34:06.073" endtime="20210606 11:34:06.073"/>
</kw>
<status status="PASS" starttime="20210606 11:34:06.073" endtime="20210606 11:34:06.074"/>
</test>
<status status="PASS" starttime="20210606 11:34:06.054" endtime="20210606 11:34:06.075"/>
</suite>
<statistics>
<total>
<stat pass="3" fail="0" skip="0">All Tests</stat>
</total>
<tag>
</tag>
<suite>
<stat pass="3" fail="0" skip="0" id="s1" name="Datadriven">Datadriven</stat>
</suite>
</statistics>
<errors>
</errors>
</robot>
