<?xml version="1.0" encoding="UTF-8"?>
<robot generator="Robot 4.0.2 (Python 3.9.5 on win32)" generated="20210605 18:22:13.185" rpa="false" schemaversion="2">
<suite id="s1" name="Radio" source="D:\gabriel\QaNinja\Robot_Beginner\web\tests\radio.robot">
<test id="s1-t1" name="Selecionando por ID">
<kw name="Nova sessão" library="base" type="SETUP">
<kw name="Open Browser" library="SeleniumLibrary">
<arg>${URL}</arg>
<arg>chrome</arg>
<doc>Opens a new browser instance to the optional ``url``.</doc>
<msg timestamp="20210605 18:22:13.316" level="INFO">Opening browser 'chrome' to base url 'http://training-wheels-protocol.herokuapp.com/'.</msg>
<status status="PASS" starttime="20210605 18:22:13.316" endtime="20210605 18:22:16.170"/>
</kw>
<status status="PASS" starttime="20210605 18:22:13.316" endtime="20210605 18:22:16.170"/>
</kw>
<kw name="Go To" library="SeleniumLibrary">
<arg>${URL}/radios</arg>
<doc>Navigates the current browser window to the provided ``url``.</doc>
<msg timestamp="20210605 18:22:16.171" level="INFO">Opening url 'http://training-wheels-protocol.herokuapp.com//radios'</msg>
<status status="PASS" starttime="20210605 18:22:16.170" endtime="20210605 18:22:16.527"/>
</kw>
<kw name="Select Radio Button" library="SeleniumLibrary">
<arg>movies</arg>
<arg>thor</arg>
<doc>Sets the radio button group ``group_name`` to ``value``.</doc>
<msg timestamp="20210605 18:22:16.528" level="INFO">Selecting 'thor' from radio button 'movies'.</msg>
<status status="PASS" starttime="20210605 18:22:16.528" endtime="20210605 18:22:16.582"/>
</kw>
<kw name="Radio Button Should Be Set To" library="SeleniumLibrary">
<arg>movies</arg>
<arg>thor</arg>
<doc>Verifies radio button group ``group_name`` is set to ``value``.</doc>
<msg timestamp="20210605 18:22:16.583" level="INFO">Verifying radio button 'movies' has selection 'thor'.</msg>
<status status="PASS" starttime="20210605 18:22:16.583" endtime="20210605 18:22:16.616"/>
</kw>
<kw name="Encerra sessão" library="base" type="TEARDOWN">
<kw name="Take Screenshot" library="Screenshot">
<doc>Takes a screenshot in JPEG format and embeds it into the log file.</doc>
<msg timestamp="20210605 18:22:16.617" level="WARN">Taking screenshot failed: Taking screenshots is not supported on this platform by default. See library documentation for details.
Make sure tests are run with a physical or virtual display.</msg>
<msg timestamp="20210605 18:22:16.618" level="INFO" html="true">&lt;a href="screenshot_1.jpg"&gt;&lt;img src="screenshot_1.jpg" width="800px"&gt;&lt;/a&gt;</msg>
<status status="PASS" starttime="20210605 18:22:16.617" endtime="20210605 18:22:16.618"/>
</kw>
<kw name="Close Browser" library="SeleniumLibrary">
<doc>Closes the current browser.</doc>
<status status="PASS" starttime="20210605 18:22:16.618" endtime="20210605 18:22:18.710"/>
</kw>
<status status="PASS" starttime="20210605 18:22:16.616" endtime="20210605 18:22:18.710"/>
</kw>
<status status="PASS" starttime="20210605 18:22:13.315" endtime="20210605 18:22:18.710"/>
</test>
<test id="s1-t2" name="Selecionando por value">
<kw name="Nova sessão" library="base" type="SETUP">
<kw name="Open Browser" library="SeleniumLibrary">
<arg>${URL}</arg>
<arg>chrome</arg>
<doc>Opens a new browser instance to the optional ``url``.</doc>
<msg timestamp="20210605 18:22:18.712" level="INFO">Opening browser 'chrome' to base url 'http://training-wheels-protocol.herokuapp.com/'.</msg>
<status status="PASS" starttime="20210605 18:22:18.712" endtime="20210605 18:22:21.537"/>
</kw>
<status status="PASS" starttime="20210605 18:22:18.712" endtime="20210605 18:22:21.538"/>
</kw>
<kw name="Go To" library="SeleniumLibrary">
<arg>${URL}/radios</arg>
<doc>Navigates the current browser window to the provided ``url``.</doc>
<msg timestamp="20210605 18:22:21.538" level="INFO">Opening url 'http://training-wheels-protocol.herokuapp.com//radios'</msg>
<status status="PASS" starttime="20210605 18:22:21.538" endtime="20210605 18:22:21.888"/>
</kw>
<kw name="Select Radio Button" library="SeleniumLibrary">
<arg>movies</arg>
<arg>guardians</arg>
<doc>Sets the radio button group ``group_name`` to ``value``.</doc>
<msg timestamp="20210605 18:22:21.889" level="INFO">Selecting 'guardians' from radio button 'movies'.</msg>
<status status="PASS" starttime="20210605 18:22:21.889" endtime="20210605 18:22:21.942"/>
</kw>
<kw name="Radio Button Should Be Set To" library="SeleniumLibrary">
<arg>movies</arg>
<arg>guardians</arg>
<doc>Verifies radio button group ``group_name`` is set to ``value``.</doc>
<msg timestamp="20210605 18:22:21.942" level="INFO">Verifying radio button 'movies' has selection 'guardians'.</msg>
<status status="PASS" starttime="20210605 18:22:21.942" endtime="20210605 18:22:21.989"/>
</kw>
<kw name="Encerra sessão" library="base" type="TEARDOWN">
<kw name="Take Screenshot" library="Screenshot">
<doc>Takes a screenshot in JPEG format and embeds it into the log file.</doc>
<msg timestamp="20210605 18:22:21.991" level="WARN">Taking screenshot failed: Taking screenshots is not supported on this platform by default. See library documentation for details.
Make sure tests are run with a physical or virtual display.</msg>
<msg timestamp="20210605 18:22:21.991" level="INFO" html="true">&lt;a href="screenshot_1.jpg"&gt;&lt;img src="screenshot_1.jpg" width="800px"&gt;&lt;/a&gt;</msg>
<status status="PASS" starttime="20210605 18:22:21.990" endtime="20210605 18:22:21.991"/>
</kw>
<kw name="Close Browser" library="SeleniumLibrary">
<doc>Closes the current browser.</doc>
<status status="PASS" starttime="20210605 18:22:21.991" endtime="20210605 18:22:24.067"/>
</kw>
<status status="PASS" starttime="20210605 18:22:21.990" endtime="20210605 18:22:24.067"/>
</kw>
<status status="PASS" starttime="20210605 18:22:18.711" endtime="20210605 18:22:24.067"/>
</test>
<status status="PASS" starttime="20210605 18:22:13.186" endtime="20210605 18:22:24.068"/>
</suite>
<statistics>
<total>
<stat pass="2" fail="0" skip="0">All Tests</stat>
</total>
<tag>
</tag>
<suite>
<stat pass="2" fail="0" skip="0" id="s1" name="Radio">Radio</stat>
</suite>
</statistics>
<errors>
<msg timestamp="20210605 18:22:16.617" level="WARN">Taking screenshot failed: Taking screenshots is not supported on this platform by default. See library documentation for details.
Make sure tests are run with a physical or virtual display.</msg>
<msg timestamp="20210605 18:22:21.991" level="WARN">Taking screenshot failed: Taking screenshots is not supported on this platform by default. See library documentation for details.
Make sure tests are run with a physical or virtual display.</msg>
</errors>
</robot>
